test_different_meanings_are_dissimilar (tests.test_cached_embeddings.TestDiskCacheHitEmbedManyEuJson.test_different_meanings_are_dissimilar) ... INFO:embed.cached:embed_many_eu: loaded: /tmp/tmphg7dwhe0/bc4f1fc1fa46eb8657d9793adaad43d1f09e0e5a21c9139505e96463b3c321d9.json
ok
test_en_and_es_sentences_are_very_similar (tests.test_cached_embeddings.TestDiskCacheHitEmbedManyEuJson.test_en_and_es_sentences_are_very_similar) ... INFO:embed.cached:embed_many_eu: loaded: /tmp/tmp48supqyg/bc4f1fc1fa46eb8657d9793adaad43d1f09e0e5a21c9139505e96463b3c321d9.json
ok
test_returns_numpy_array (tests.test_cached_embeddings.TestDiskCacheHitEmbedManyEuJson.test_returns_numpy_array) ... INFO:embed.cached:embed_many_eu: loaded: /tmp/tmp36j0oc6y/bc4f1fc1fa46eb8657d9793adaad43d1f09e0e5a21c9139505e96463b3c321d9.json
ok
test_shape_has_model_dimension (tests.test_cached_embeddings.TestDiskCacheHitEmbedManyEuJson.test_shape_has_model_dimension) ... INFO:embed.cached:embed_many_eu: loaded: /tmp/tmpdt02_b84/bc4f1fc1fa46eb8657d9793adaad43d1f09e0e5a21c9139505e96463b3c321d9.json
ok
test_different_meanings_are_dissimilar (tests.test_cached_embeddings.TestDiskCacheHitEmbedManyEuSafetensors.test_different_meanings_are_dissimilar) ... INFO:embed.cached:embed_many_eu: loaded: /tmp/tmp2dkh0uji/bc4f1fc1fa46eb8657d9793adaad43d1f09e0e5a21c9139505e96463b3c321d9.safetensors
ok
test_en_and_es_sentences_are_very_similar (tests.test_cached_embeddings.TestDiskCacheHitEmbedManyEuSafetensors.test_en_and_es_sentences_are_very_similar) ... INFO:embed.cached:embed_many_eu: loaded: /tmp/tmp0m4zrjat/bc4f1fc1fa46eb8657d9793adaad43d1f09e0e5a21c9139505e96463b3c321d9.safetensors
ok
test_returns_numpy_array (tests.test_cached_embeddings.TestDiskCacheHitEmbedManyEuSafetensors.test_returns_numpy_array) ... INFO:embed.cached:embed_many_eu: loaded: /tmp/tmp81bppmna/bc4f1fc1fa46eb8657d9793adaad43d1f09e0e5a21c9139505e96463b3c321d9.safetensors
ok
test_shape_has_model_dimension (tests.test_cached_embeddings.TestDiskCacheHitEmbedManyEuSafetensors.test_shape_has_model_dimension) ... INFO:embed.cached:embed_many_eu: loaded: /tmp/tmpifnut_gy/bc4f1fc1fa46eb8657d9793adaad43d1f09e0e5a21c9139505e96463b3c321d9.safetensors
ok
test_different_meanings_are_dissimilar (tests.test_cached_embeddings.TestDiskCacheHitEmbedManyJson.test_different_meanings_are_dissimilar) ... INFO:embed.cached:embed_many: loaded: /tmp/tmpmpiylddo/bc4f1fc1fa46eb8657d9793adaad43d1f09e0e5a21c9139505e96463b3c321d9.json
ok
test_en_and_es_sentences_are_very_similar (tests.test_cached_embeddings.TestDiskCacheHitEmbedManyJson.test_en_and_es_sentences_are_very_similar) ... INFO:embed.cached:embed_many: loaded: /tmp/tmpyar7a9gf/bc4f1fc1fa46eb8657d9793adaad43d1f09e0e5a21c9139505e96463b3c321d9.json
ok
test_returns_numpy_array (tests.test_cached_embeddings.TestDiskCacheHitEmbedManyJson.test_returns_numpy_array) ... INFO:embed.cached:embed_many: loaded: /tmp/tmpzi113h12/bc4f1fc1fa46eb8657d9793adaad43d1f09e0e5a21c9139505e96463b3c321d9.json
ok
test_shape_has_model_dimension (tests.test_cached_embeddings.TestDiskCacheHitEmbedManyJson.test_shape_has_model_dimension) ... INFO:embed.cached:embed_many: loaded: /tmp/tmpy_u9sr7y/bc4f1fc1fa46eb8657d9793adaad43d1f09e0e5a21c9139505e96463b3c321d9.json
ok
test_different_meanings_are_dissimilar (tests.test_cached_embeddings.TestDiskCacheHitEmbedManyReqJson.test_different_meanings_are_dissimilar) ... INFO:embed.cached:embed_many_req: loaded: /tmp/tmp7ke2vkjv/bc4f1fc1fa46eb8657d9793adaad43d1f09e0e5a21c9139505e96463b3c321d9.json
ok
test_en_and_es_sentences_are_very_similar (tests.test_cached_embeddings.TestDiskCacheHitEmbedManyReqJson.test_en_and_es_sentences_are_very_similar) ... INFO:embed.cached:embed_many_req: loaded: /tmp/tmppzhvdr7k/bc4f1fc1fa46eb8657d9793adaad43d1f09e0e5a21c9139505e96463b3c321d9.json
ok
test_returns_numpy_array (tests.test_cached_embeddings.TestDiskCacheHitEmbedManyReqJson.test_returns_numpy_array) ... INFO:embed.cached:embed_many_req: loaded: /tmp/tmpw69b4xlk/bc4f1fc1fa46eb8657d9793adaad43d1f09e0e5a21c9139505e96463b3c321d9.json
ok
test_shape_has_model_dimension (tests.test_cached_embeddings.TestDiskCacheHitEmbedManyReqJson.test_shape_has_model_dimension) ... INFO:embed.cached:embed_many_req: loaded: /tmp/tmpc8vc3l6d/bc4f1fc1fa46eb8657d9793adaad43d1f09e0e5a21c9139505e96463b3c321d9.json
ok
test_different_meanings_are_dissimilar (tests.test_cached_embeddings.TestDiskCacheHitEmbedManyReqSafetensors.test_different_meanings_are_dissimilar) ... INFO:embed.cached:embed_many_req: loaded: /tmp/tmphykds8e9/bc4f1fc1fa46eb8657d9793adaad43d1f09e0e5a21c9139505e96463b3c321d9.safetensors
ok
test_en_and_es_sentences_are_very_similar (tests.test_cached_embeddings.TestDiskCacheHitEmbedManyReqSafetensors.test_en_and_es_sentences_are_very_similar) ... INFO:embed.cached:embed_many_req: loaded: /tmp/tmpijep660b/bc4f1fc1fa46eb8657d9793adaad43d1f09e0e5a21c9139505e96463b3c321d9.safetensors
ok
test_returns_numpy_array (tests.test_cached_embeddings.TestDiskCacheHitEmbedManyReqSafetensors.test_returns_numpy_array) ... INFO:embed.cached:embed_many_req: loaded: /tmp/tmpx2cufkns/bc4f1fc1fa46eb8657d9793adaad43d1f09e0e5a21c9139505e96463b3c321d9.safetensors
ok
test_shape_has_model_dimension (tests.test_cached_embeddings.TestDiskCacheHitEmbedManyReqSafetensors.test_shape_has_model_dimension) ... INFO:embed.cached:embed_many_req: loaded: /tmp/tmpord2lfsp/bc4f1fc1fa46eb8657d9793adaad43d1f09e0e5a21c9139505e96463b3c321d9.safetensors
ok
test_different_meanings_are_dissimilar (tests.test_cached_embeddings.TestDiskCacheHitEmbedManySafetensors.test_different_meanings_are_dissimilar) ... INFO:embed.cached:embed_many: loaded: /tmp/tmprjq3fofr/bc4f1fc1fa46eb8657d9793adaad43d1f09e0e5a21c9139505e96463b3c321d9.safetensors
ok
test_en_and_es_sentences_are_very_similar (tests.test_cached_embeddings.TestDiskCacheHitEmbedManySafetensors.test_en_and_es_sentences_are_very_similar) ... INFO:embed.cached:embed_many: loaded: /tmp/tmpijqbdpkd/bc4f1fc1fa46eb8657d9793adaad43d1f09e0e5a21c9139505e96463b3c321d9.safetensors
ok
test_returns_numpy_array (tests.test_cached_embeddings.TestDiskCacheHitEmbedManySafetensors.test_returns_numpy_array) ... INFO:embed.cached:embed_many: loaded: /tmp/tmppu9ejbl2/bc4f1fc1fa46eb8657d9793adaad43d1f09e0e5a21c9139505e96463b3c321d9.safetensors
ok
test_shape_has_model_dimension (tests.test_cached_embeddings.TestDiskCacheHitEmbedManySafetensors.test_shape_has_model_dimension) ... INFO:embed.cached:embed_many: loaded: /tmp/tmp3ohev0yp/bc4f1fc1fa46eb8657d9793adaad43d1f09e0e5a21c9139505e96463b3c321d9.safetensors
ok
test_different_meanings_are_dissimilar (tests.test_cached_embeddings.TestDiskCacheHitEmbedOneEuJson.test_different_meanings_are_dissimilar) ... INFO:embed.cached:embed_one_eu: loaded: /tmp/tmp9otw01x2/c6569ae39bd3ce1a82988cf5a0c219288e2df4918c9e9a09134f596f74509094.json
INFO:embed.cached:embed_one_eu: loaded: /tmp/tmp9otw01x2/84cccf9b16c60b6ae531f97eafc6aabd536fbeb5fd62f3108500642fd34562bf.json
ok
test_en_and_es_sentence_are_very_similar_0_catrun (tests.test_cached_embeddings.TestDiskCacheHitEmbedOneEuJson.test_en_and_es_sentence_are_very_similar_0_catrun) ... INFO:embed.cached:embed_one_eu: loaded: /tmp/tmppy9lwlmu/84cccf9b16c60b6ae531f97eafc6aabd536fbeb5fd62f3108500642fd34562bf.json
INFO:embed.cached:embed_one_eu: loaded: /tmp/tmppy9lwlmu/94aac07b5ec049de3cd871a0958697b02683e371b46658395302ecceab419b36.json
ok
test_en_and_es_sentence_are_very_similar_1_dogwalk (tests.test_cached_embeddings.TestDiskCacheHitEmbedOneEuJson.test_en_and_es_sentence_are_very_similar_1_dogwalk) ... INFO:embed.cached:embed_one_eu: loaded: /tmp/tmpc6tp8di5/116c3040d924d3f415ba72b32a55bf3b05ba62bebbcbdca9ae2e5101d5a0fbdf.json
INFO:embed.cached:embed_one_eu: loaded: /tmp/tmpc6tp8di5/c19b4807aa7da53ef4f0bb7c5e2c97145607b058a22a0b0dbe696402200f0812.json
ok
test_en_and_es_sentence_are_very_similar_2_lionsleep (tests.test_cached_embeddings.TestDiskCacheHitEmbedOneEuJson.test_en_and_es_sentence_are_very_similar_2_lionsleep) ... INFO:embed.cached:embed_one_eu: loaded: /tmp/tmpd04s5jcd/7f688454101c9a4f6d0adf7b9c8470f7815da6689e64e9125e4f9400027853a9.json
INFO:embed.cached:embed_one_eu: loaded: /tmp/tmpd04s5jcd/ac9c4b85f0dead134e3de01ecc5bbbad4411198db04b56ed1658a48d27ab42bf.json
ok
test_returns_numpy_array (tests.test_cached_embeddings.TestDiskCacheHitEmbedOneEuJson.test_returns_numpy_array) ... INFO:embed.cached:embed_one_eu: loaded: /tmp/tmpkprvyfr4/c6569ae39bd3ce1a82988cf5a0c219288e2df4918c9e9a09134f596f74509094.json
ok
test_shape_is_model_dimension (tests.test_cached_embeddings.TestDiskCacheHitEmbedOneEuJson.test_shape_is_model_dimension) ... INFO:embed.cached:embed_one_eu: loaded: /tmp/tmpcpo_9zlj/c6569ae39bd3ce1a82988cf5a0c219288e2df4918c9e9a09134f596f74509094.json
ok
test_different_meanings_are_dissimilar (tests.test_cached_embeddings.TestDiskCacheHitEmbedOneEuSafetensors.test_different_meanings_are_dissimilar) ... INFO:embed.cached:embed_one_eu: loaded: /tmp/tmp33r4h7is/c6569ae39bd3ce1a82988cf5a0c219288e2df4918c9e9a09134f596f74509094.safetensors
INFO:embed.cached:embed_one_eu: loaded: /tmp/tmp33r4h7is/84cccf9b16c60b6ae531f97eafc6aabd536fbeb5fd62f3108500642fd34562bf.safetensors
ok
test_en_and_es_sentence_are_very_similar_0_catrun (tests.test_cached_embeddings.TestDiskCacheHitEmbedOneEuSafetensors.test_en_and_es_sentence_are_very_similar_0_catrun) ... INFO:embed.cached:embed_one_eu: loaded: /tmp/tmpjirmqjyo/84cccf9b16c60b6ae531f97eafc6aabd536fbeb5fd62f3108500642fd34562bf.safetensors
INFO:embed.cached:embed_one_eu: loaded: /tmp/tmpjirmqjyo/94aac07b5ec049de3cd871a0958697b02683e371b46658395302ecceab419b36.safetensors
ok
test_en_and_es_sentence_are_very_similar_1_dogwalk (tests.test_cached_embeddings.TestDiskCacheHitEmbedOneEuSafetensors.test_en_and_es_sentence_are_very_similar_1_dogwalk) ... INFO:embed.cached:embed_one_eu: loaded: /tmp/tmpss47o4jd/116c3040d924d3f415ba72b32a55bf3b05ba62bebbcbdca9ae2e5101d5a0fbdf.safetensors
INFO:embed.cached:embed_one_eu: loaded: /tmp/tmpss47o4jd/c19b4807aa7da53ef4f0bb7c5e2c97145607b058a22a0b0dbe696402200f0812.safetensors
ok
test_en_and_es_sentence_are_very_similar_2_lionsleep (tests.test_cached_embeddings.TestDiskCacheHitEmbedOneEuSafetensors.test_en_and_es_sentence_are_very_similar_2_lionsleep) ... INFO:embed.cached:embed_one_eu: loaded: /tmp/tmp67p_ep9l/7f688454101c9a4f6d0adf7b9c8470f7815da6689e64e9125e4f9400027853a9.safetensors
INFO:embed.cached:embed_one_eu: loaded: /tmp/tmp67p_ep9l/ac9c4b85f0dead134e3de01ecc5bbbad4411198db04b56ed1658a48d27ab42bf.safetensors
ok
test_returns_numpy_array (tests.test_cached_embeddings.TestDiskCacheHitEmbedOneEuSafetensors.test_returns_numpy_array) ... INFO:embed.cached:embed_one_eu: loaded: /tmp/tmpozoq3ijq/c6569ae39bd3ce1a82988cf5a0c219288e2df4918c9e9a09134f596f74509094.safetensors
ok
test_shape_is_model_dimension (tests.test_cached_embeddings.TestDiskCacheHitEmbedOneEuSafetensors.test_shape_is_model_dimension) ... INFO:embed.cached:embed_one_eu: loaded: /tmp/tmpgq064peg/c6569ae39bd3ce1a82988cf5a0c219288e2df4918c9e9a09134f596f74509094.safetensors
ok
test_different_meanings_are_dissimilar (tests.test_cached_embeddings.TestDiskCacheHitEmbedOneJson.test_different_meanings_are_dissimilar) ... INFO:embed.cached:embed_one: loaded: /tmp/tmp2azvopjp/c6569ae39bd3ce1a82988cf5a0c219288e2df4918c9e9a09134f596f74509094.json
INFO:embed.cached:embed_one: loaded: /tmp/tmp2azvopjp/84cccf9b16c60b6ae531f97eafc6aabd536fbeb5fd62f3108500642fd34562bf.json
ok
test_en_and_es_sentence_are_very_similar_0_catrun (tests.test_cached_embeddings.TestDiskCacheHitEmbedOneJson.test_en_and_es_sentence_are_very_similar_0_catrun) ... INFO:embed.cached:embed_one: loaded: /tmp/tmpejzxbcpe/84cccf9b16c60b6ae531f97eafc6aabd536fbeb5fd62f3108500642fd34562bf.json
INFO:embed.cached:embed_one: loaded: /tmp/tmpejzxbcpe/94aac07b5ec049de3cd871a0958697b02683e371b46658395302ecceab419b36.json
ok
test_en_and_es_sentence_are_very_similar_1_dogwalk (tests.test_cached_embeddings.TestDiskCacheHitEmbedOneJson.test_en_and_es_sentence_are_very_similar_1_dogwalk) ... INFO:embed.cached:embed_one: loaded: /tmp/tmp2lthz68g/116c3040d924d3f415ba72b32a55bf3b05ba62bebbcbdca9ae2e5101d5a0fbdf.json
INFO:embed.cached:embed_one: loaded: /tmp/tmp2lthz68g/c19b4807aa7da53ef4f0bb7c5e2c97145607b058a22a0b0dbe696402200f0812.json
ok
test_en_and_es_sentence_are_very_similar_2_lionsleep (tests.test_cached_embeddings.TestDiskCacheHitEmbedOneJson.test_en_and_es_sentence_are_very_similar_2_lionsleep) ... INFO:embed.cached:embed_one: loaded: /tmp/tmpdczoq5fi/7f688454101c9a4f6d0adf7b9c8470f7815da6689e64e9125e4f9400027853a9.json
INFO:embed.cached:embed_one: loaded: /tmp/tmpdczoq5fi/ac9c4b85f0dead134e3de01ecc5bbbad4411198db04b56ed1658a48d27ab42bf.json
ok
test_returns_numpy_array (tests.test_cached_embeddings.TestDiskCacheHitEmbedOneJson.test_returns_numpy_array) ... INFO:embed.cached:embed_one: loaded: /tmp/tmph1ldp7bn/c6569ae39bd3ce1a82988cf5a0c219288e2df4918c9e9a09134f596f74509094.json
ok
test_shape_is_model_dimension (tests.test_cached_embeddings.TestDiskCacheHitEmbedOneJson.test_shape_is_model_dimension) ... INFO:embed.cached:embed_one: loaded: /tmp/tmpayezkhif/c6569ae39bd3ce1a82988cf5a0c219288e2df4918c9e9a09134f596f74509094.json
ok
test_different_meanings_are_dissimilar (tests.test_cached_embeddings.TestDiskCacheHitEmbedOneReqJson.test_different_meanings_are_dissimilar) ... INFO:embed.cached:embed_one_req: loaded: /tmp/tmpzzr8e_zv/c6569ae39bd3ce1a82988cf5a0c219288e2df4918c9e9a09134f596f74509094.json
INFO:embed.cached:embed_one_req: loaded: /tmp/tmpzzr8e_zv/84cccf9b16c60b6ae531f97eafc6aabd536fbeb5fd62f3108500642fd34562bf.json
ok
test_en_and_es_sentence_are_very_similar_0_catrun (tests.test_cached_embeddings.TestDiskCacheHitEmbedOneReqJson.test_en_and_es_sentence_are_very_similar_0_catrun) ... INFO:embed.cached:embed_one_req: loaded: /tmp/tmp14zs6opk/84cccf9b16c60b6ae531f97eafc6aabd536fbeb5fd62f3108500642fd34562bf.json
INFO:embed.cached:embed_one_req: loaded: /tmp/tmp14zs6opk/94aac07b5ec049de3cd871a0958697b02683e371b46658395302ecceab419b36.json
ok
test_en_and_es_sentence_are_very_similar_1_dogwalk (tests.test_cached_embeddings.TestDiskCacheHitEmbedOneReqJson.test_en_and_es_sentence_are_very_similar_1_dogwalk) ... INFO:embed.cached:embed_one_req: loaded: /tmp/tmpnep8lsji/116c3040d924d3f415ba72b32a55bf3b05ba62bebbcbdca9ae2e5101d5a0fbdf.json
INFO:embed.cached:embed_one_req: loaded: /tmp/tmpnep8lsji/c19b4807aa7da53ef4f0bb7c5e2c97145607b058a22a0b0dbe696402200f0812.json
ok
test_en_and_es_sentence_are_very_similar_2_lionsleep (tests.test_cached_embeddings.TestDiskCacheHitEmbedOneReqJson.test_en_and_es_sentence_are_very_similar_2_lionsleep) ... INFO:embed.cached:embed_one_req: loaded: /tmp/tmpz6ezviyx/7f688454101c9a4f6d0adf7b9c8470f7815da6689e64e9125e4f9400027853a9.json
INFO:embed.cached:embed_one_req: loaded: /tmp/tmpz6ezviyx/ac9c4b85f0dead134e3de01ecc5bbbad4411198db04b56ed1658a48d27ab42bf.json
ok
test_returns_numpy_array (tests.test_cached_embeddings.TestDiskCacheHitEmbedOneReqJson.test_returns_numpy_array) ... INFO:embed.cached:embed_one_req: loaded: /tmp/tmppztmu58v/c6569ae39bd3ce1a82988cf5a0c219288e2df4918c9e9a09134f596f74509094.json
ok
test_shape_is_model_dimension (tests.test_cached_embeddings.TestDiskCacheHitEmbedOneReqJson.test_shape_is_model_dimension) ... INFO:embed.cached:embed_one_req: loaded: /tmp/tmpzcp0bus9/c6569ae39bd3ce1a82988cf5a0c219288e2df4918c9e9a09134f596f74509094.json
ok
test_different_meanings_are_dissimilar (tests.test_cached_embeddings.TestDiskCacheHitEmbedOneReqSafetensors.test_different_meanings_are_dissimilar) ... INFO:embed.cached:embed_one_req: loaded: /tmp/tmpnkrio0_0/c6569ae39bd3ce1a82988cf5a0c219288e2df4918c9e9a09134f596f74509094.safetensors
INFO:embed.cached:embed_one_req: loaded: /tmp/tmpnkrio0_0/84cccf9b16c60b6ae531f97eafc6aabd536fbeb5fd62f3108500642fd34562bf.safetensors
ok
test_en_and_es_sentence_are_very_similar_0_catrun (tests.test_cached_embeddings.TestDiskCacheHitEmbedOneReqSafetensors.test_en_and_es_sentence_are_very_similar_0_catrun) ... INFO:embed.cached:embed_one_req: loaded: /tmp/tmpvmgvj4_5/84cccf9b16c60b6ae531f97eafc6aabd536fbeb5fd62f3108500642fd34562bf.safetensors
INFO:embed.cached:embed_one_req: loaded: /tmp/tmpvmgvj4_5/94aac07b5ec049de3cd871a0958697b02683e371b46658395302ecceab419b36.safetensors
ok
test_en_and_es_sentence_are_very_similar_1_dogwalk (tests.test_cached_embeddings.TestDiskCacheHitEmbedOneReqSafetensors.test_en_and_es_sentence_are_very_similar_1_dogwalk) ... INFO:embed.cached:embed_one_req: loaded: /tmp/tmp8pylvui1/116c3040d924d3f415ba72b32a55bf3b05ba62bebbcbdca9ae2e5101d5a0fbdf.safetensors
INFO:embed.cached:embed_one_req: loaded: /tmp/tmp8pylvui1/c19b4807aa7da53ef4f0bb7c5e2c97145607b058a22a0b0dbe696402200f0812.safetensors
ok
test_en_and_es_sentence_are_very_similar_2_lionsleep (tests.test_cached_embeddings.TestDiskCacheHitEmbedOneReqSafetensors.test_en_and_es_sentence_are_very_similar_2_lionsleep) ... INFO:embed.cached:embed_one_req: loaded: /tmp/tmp9y1_7ils/7f688454101c9a4f6d0adf7b9c8470f7815da6689e64e9125e4f9400027853a9.safetensors
INFO:embed.cached:embed_one_req: loaded: /tmp/tmp9y1_7ils/ac9c4b85f0dead134e3de01ecc5bbbad4411198db04b56ed1658a48d27ab42bf.safetensors
ok
test_returns_numpy_array (tests.test_cached_embeddings.TestDiskCacheHitEmbedOneReqSafetensors.test_returns_numpy_array) ... INFO:embed.cached:embed_one_req: loaded: /tmp/tmpaudxqtep/c6569ae39bd3ce1a82988cf5a0c219288e2df4918c9e9a09134f596f74509094.safetensors
ok
test_shape_is_model_dimension (tests.test_cached_embeddings.TestDiskCacheHitEmbedOneReqSafetensors.test_shape_is_model_dimension) ... INFO:embed.cached:embed_one_req: loaded: /tmp/tmpqis7arha/c6569ae39bd3ce1a82988cf5a0c219288e2df4918c9e9a09134f596f74509094.safetensors
ok
test_different_meanings_are_dissimilar (tests.test_cached_embeddings.TestDiskCacheHitEmbedOneSafetensors.test_different_meanings_are_dissimilar) ... INFO:embed.cached:embed_one: loaded: /tmp/tmparw0u9c1/c6569ae39bd3ce1a82988cf5a0c219288e2df4918c9e9a09134f596f74509094.safetensors
INFO:embed.cached:embed_one: loaded: /tmp/tmparw0u9c1/84cccf9b16c60b6ae531f97eafc6aabd536fbeb5fd62f3108500642fd34562bf.safetensors
ok
test_en_and_es_sentence_are_very_similar_0_catrun (tests.test_cached_embeddings.TestDiskCacheHitEmbedOneSafetensors.test_en_and_es_sentence_are_very_similar_0_catrun) ... INFO:embed.cached:embed_one: loaded: /tmp/tmpvs4k26n8/84cccf9b16c60b6ae531f97eafc6aabd536fbeb5fd62f3108500642fd34562bf.safetensors
INFO:embed.cached:embed_one: loaded: /tmp/tmpvs4k26n8/94aac07b5ec049de3cd871a0958697b02683e371b46658395302ecceab419b36.safetensors
ok
test_en_and_es_sentence_are_very_similar_1_dogwalk (tests.test_cached_embeddings.TestDiskCacheHitEmbedOneSafetensors.test_en_and_es_sentence_are_very_similar_1_dogwalk) ... INFO:embed.cached:embed_one: loaded: /tmp/tmp76lb4svw/116c3040d924d3f415ba72b32a55bf3b05ba62bebbcbdca9ae2e5101d5a0fbdf.safetensors
INFO:embed.cached:embed_one: loaded: /tmp/tmp76lb4svw/c19b4807aa7da53ef4f0bb7c5e2c97145607b058a22a0b0dbe696402200f0812.safetensors
ok
test_en_and_es_sentence_are_very_similar_2_lionsleep (tests.test_cached_embeddings.TestDiskCacheHitEmbedOneSafetensors.test_en_and_es_sentence_are_very_similar_2_lionsleep) ... INFO:embed.cached:embed_one: loaded: /tmp/tmpwqhydht_/7f688454101c9a4f6d0adf7b9c8470f7815da6689e64e9125e4f9400027853a9.safetensors
INFO:embed.cached:embed_one: loaded: /tmp/tmpwqhydht_/ac9c4b85f0dead134e3de01ecc5bbbad4411198db04b56ed1658a48d27ab42bf.safetensors
ok
test_returns_numpy_array (tests.test_cached_embeddings.TestDiskCacheHitEmbedOneSafetensors.test_returns_numpy_array) ... INFO:embed.cached:embed_one: loaded: /tmp/tmp09cahhtx/c6569ae39bd3ce1a82988cf5a0c219288e2df4918c9e9a09134f596f74509094.safetensors
ok
test_shape_is_model_dimension (tests.test_cached_embeddings.TestDiskCacheHitEmbedOneSafetensors.test_shape_is_model_dimension) ... INFO:embed.cached:embed_one: loaded: /tmp/tmp5skdmnue/c6569ae39bd3ce1a82988cf5a0c219288e2df4918c9e9a09134f596f74509094.safetensors
ok

----------------------------------------------------------------------
Ran 60 tests in 0.192s

OK
