test_different_meanings_are_dissimilar (tests.test_cached_embeddings.TestDiskCacheMissEmbedManyEuJson.test_different_meanings_are_dissimilar) ... INFO:embed.cached:embed_many_eu: saved: /tmp/tmpycaa5o8_/bc4f1fc1fa46eb8657d9793adaad43d1f09e0e5a21c9139505e96463b3c321d9.json
ok
test_en_and_es_sentences_are_very_similar (tests.test_cached_embeddings.TestDiskCacheMissEmbedManyEuJson.test_en_and_es_sentences_are_very_similar) ... INFO:embed.cached:embed_many_eu: saved: /tmp/tmpvrovl6bo/bc4f1fc1fa46eb8657d9793adaad43d1f09e0e5a21c9139505e96463b3c321d9.json
ok
test_returns_numpy_array (tests.test_cached_embeddings.TestDiskCacheMissEmbedManyEuJson.test_returns_numpy_array) ... INFO:embed.cached:embed_many_eu: saved: /tmp/tmph5wa1p7q/bc4f1fc1fa46eb8657d9793adaad43d1f09e0e5a21c9139505e96463b3c321d9.json
ok
test_shape_has_model_dimension (tests.test_cached_embeddings.TestDiskCacheMissEmbedManyEuJson.test_shape_has_model_dimension) ... INFO:embed.cached:embed_many_eu: saved: /tmp/tmpxpfoval1/bc4f1fc1fa46eb8657d9793adaad43d1f09e0e5a21c9139505e96463b3c321d9.json
ok
test_different_meanings_are_dissimilar (tests.test_cached_embeddings.TestDiskCacheMissEmbedManyEuSafetensors.test_different_meanings_are_dissimilar) ... INFO:embed.cached:embed_many_eu: saved: /tmp/tmpyp5c4cke/bc4f1fc1fa46eb8657d9793adaad43d1f09e0e5a21c9139505e96463b3c321d9.json
ok
test_en_and_es_sentences_are_very_similar (tests.test_cached_embeddings.TestDiskCacheMissEmbedManyEuSafetensors.test_en_and_es_sentences_are_very_similar) ... INFO:embed.cached:embed_many_eu: saved: /tmp/tmp0ptwl4wn/bc4f1fc1fa46eb8657d9793adaad43d1f09e0e5a21c9139505e96463b3c321d9.json
ok
test_returns_numpy_array (tests.test_cached_embeddings.TestDiskCacheMissEmbedManyEuSafetensors.test_returns_numpy_array) ... INFO:embed.cached:embed_many_eu: saved: /tmp/tmp5x0_75au/bc4f1fc1fa46eb8657d9793adaad43d1f09e0e5a21c9139505e96463b3c321d9.json
ok
test_shape_has_model_dimension (tests.test_cached_embeddings.TestDiskCacheMissEmbedManyEuSafetensors.test_shape_has_model_dimension) ... INFO:embed.cached:embed_many_eu: saved: /tmp/tmpjou7mja6/bc4f1fc1fa46eb8657d9793adaad43d1f09e0e5a21c9139505e96463b3c321d9.json
ok
test_different_meanings_are_dissimilar (tests.test_cached_embeddings.TestDiskCacheMissEmbedManyJson.test_different_meanings_are_dissimilar) ... INFO:embed.cached:embed_many: saved: /tmp/tmpa55vjd9v/bc4f1fc1fa46eb8657d9793adaad43d1f09e0e5a21c9139505e96463b3c321d9.json
ok
test_en_and_es_sentences_are_very_similar (tests.test_cached_embeddings.TestDiskCacheMissEmbedManyJson.test_en_and_es_sentences_are_very_similar) ... INFO:embed.cached:embed_many: saved: /tmp/tmp31mg9tn6/bc4f1fc1fa46eb8657d9793adaad43d1f09e0e5a21c9139505e96463b3c321d9.json
ok
test_returns_numpy_array (tests.test_cached_embeddings.TestDiskCacheMissEmbedManyJson.test_returns_numpy_array) ... INFO:embed.cached:embed_many: saved: /tmp/tmpha0g9uey/bc4f1fc1fa46eb8657d9793adaad43d1f09e0e5a21c9139505e96463b3c321d9.json
ok
test_shape_has_model_dimension (tests.test_cached_embeddings.TestDiskCacheMissEmbedManyJson.test_shape_has_model_dimension) ... INFO:embed.cached:embed_many: saved: /tmp/tmpmbs8gu7p/bc4f1fc1fa46eb8657d9793adaad43d1f09e0e5a21c9139505e96463b3c321d9.json
ok
test_different_meanings_are_dissimilar (tests.test_cached_embeddings.TestDiskCacheMissEmbedManyReqJson.test_different_meanings_are_dissimilar) ... INFO:embed.cached:embed_many_req: saved: /tmp/tmpyvkyutap/bc4f1fc1fa46eb8657d9793adaad43d1f09e0e5a21c9139505e96463b3c321d9.json
ok
test_en_and_es_sentences_are_very_similar (tests.test_cached_embeddings.TestDiskCacheMissEmbedManyReqJson.test_en_and_es_sentences_are_very_similar) ... INFO:embed.cached:embed_many_req: saved: /tmp/tmpv006slbh/bc4f1fc1fa46eb8657d9793adaad43d1f09e0e5a21c9139505e96463b3c321d9.json
ok
test_returns_numpy_array (tests.test_cached_embeddings.TestDiskCacheMissEmbedManyReqJson.test_returns_numpy_array) ... INFO:embed.cached:embed_many_req: saved: /tmp/tmpp1e_pwr6/bc4f1fc1fa46eb8657d9793adaad43d1f09e0e5a21c9139505e96463b3c321d9.json
ok
test_shape_has_model_dimension (tests.test_cached_embeddings.TestDiskCacheMissEmbedManyReqJson.test_shape_has_model_dimension) ... INFO:embed.cached:embed_many_req: saved: /tmp/tmp7nr75cxl/bc4f1fc1fa46eb8657d9793adaad43d1f09e0e5a21c9139505e96463b3c321d9.json
ok
test_different_meanings_are_dissimilar (tests.test_cached_embeddings.TestDiskCacheMissEmbedManyReqSafetensors.test_different_meanings_are_dissimilar) ... INFO:embed.cached:embed_many_req: saved: /tmp/tmpfdignftn/bc4f1fc1fa46eb8657d9793adaad43d1f09e0e5a21c9139505e96463b3c321d9.json
ok
test_en_and_es_sentences_are_very_similar (tests.test_cached_embeddings.TestDiskCacheMissEmbedManyReqSafetensors.test_en_and_es_sentences_are_very_similar) ... INFO:embed.cached:embed_many_req: saved: /tmp/tmpjj3_3mbe/bc4f1fc1fa46eb8657d9793adaad43d1f09e0e5a21c9139505e96463b3c321d9.json
ok
test_returns_numpy_array (tests.test_cached_embeddings.TestDiskCacheMissEmbedManyReqSafetensors.test_returns_numpy_array) ... INFO:embed.cached:embed_many_req: saved: /tmp/tmpa_jjsy_m/bc4f1fc1fa46eb8657d9793adaad43d1f09e0e5a21c9139505e96463b3c321d9.json
ok
test_shape_has_model_dimension (tests.test_cached_embeddings.TestDiskCacheMissEmbedManyReqSafetensors.test_shape_has_model_dimension) ... INFO:embed.cached:embed_many_req: saved: /tmp/tmpu5tlhc8u/bc4f1fc1fa46eb8657d9793adaad43d1f09e0e5a21c9139505e96463b3c321d9.json
ok
test_different_meanings_are_dissimilar (tests.test_cached_embeddings.TestDiskCacheMissEmbedManySafetensors.test_different_meanings_are_dissimilar) ... INFO:embed.cached:embed_many: saved: /tmp/tmps8m_2egk/bc4f1fc1fa46eb8657d9793adaad43d1f09e0e5a21c9139505e96463b3c321d9.json
ok
test_en_and_es_sentences_are_very_similar (tests.test_cached_embeddings.TestDiskCacheMissEmbedManySafetensors.test_en_and_es_sentences_are_very_similar) ... INFO:embed.cached:embed_many: saved: /tmp/tmp_r5aa1yy/bc4f1fc1fa46eb8657d9793adaad43d1f09e0e5a21c9139505e96463b3c321d9.json
ok
test_returns_numpy_array (tests.test_cached_embeddings.TestDiskCacheMissEmbedManySafetensors.test_returns_numpy_array) ... INFO:embed.cached:embed_many: saved: /tmp/tmpkyba3mcc/bc4f1fc1fa46eb8657d9793adaad43d1f09e0e5a21c9139505e96463b3c321d9.json
ok
test_shape_has_model_dimension (tests.test_cached_embeddings.TestDiskCacheMissEmbedManySafetensors.test_shape_has_model_dimension) ... INFO:embed.cached:embed_many: saved: /tmp/tmp0d2cqvpd/bc4f1fc1fa46eb8657d9793adaad43d1f09e0e5a21c9139505e96463b3c321d9.json
ok
test_different_meanings_are_dissimilar (tests.test_cached_embeddings.TestDiskCacheMissEmbedOneEuJson.test_different_meanings_are_dissimilar) ... INFO:embed.cached:embed_one_eu: saved: /tmp/tmpw102ie4t/c6569ae39bd3ce1a82988cf5a0c219288e2df4918c9e9a09134f596f74509094.json
INFO:embed.cached:embed_one_eu: saved: /tmp/tmpw102ie4t/84cccf9b16c60b6ae531f97eafc6aabd536fbeb5fd62f3108500642fd34562bf.json
ok
test_en_and_es_sentence_are_very_similar_0_catrun (tests.test_cached_embeddings.TestDiskCacheMissEmbedOneEuJson.test_en_and_es_sentence_are_very_similar_0_catrun) ... INFO:embed.cached:embed_one_eu: saved: /tmp/tmpzecacw5o/84cccf9b16c60b6ae531f97eafc6aabd536fbeb5fd62f3108500642fd34562bf.json
INFO:embed.cached:embed_one_eu: saved: /tmp/tmpzecacw5o/94aac07b5ec049de3cd871a0958697b02683e371b46658395302ecceab419b36.json
ok
test_en_and_es_sentence_are_very_similar_1_dogwalk (tests.test_cached_embeddings.TestDiskCacheMissEmbedOneEuJson.test_en_and_es_sentence_are_very_similar_1_dogwalk) ... INFO:embed.cached:embed_one_eu: saved: /tmp/tmpwgrnpaz1/116c3040d924d3f415ba72b32a55bf3b05ba62bebbcbdca9ae2e5101d5a0fbdf.json
INFO:embed.cached:embed_one_eu: saved: /tmp/tmpwgrnpaz1/c19b4807aa7da53ef4f0bb7c5e2c97145607b058a22a0b0dbe696402200f0812.json
ok
test_en_and_es_sentence_are_very_similar_2_lionsleep (tests.test_cached_embeddings.TestDiskCacheMissEmbedOneEuJson.test_en_and_es_sentence_are_very_similar_2_lionsleep) ... INFO:embed.cached:embed_one_eu: saved: /tmp/tmpx3aj6qae/7f688454101c9a4f6d0adf7b9c8470f7815da6689e64e9125e4f9400027853a9.json
INFO:embed.cached:embed_one_eu: saved: /tmp/tmpx3aj6qae/ac9c4b85f0dead134e3de01ecc5bbbad4411198db04b56ed1658a48d27ab42bf.json
ok
test_returns_numpy_array (tests.test_cached_embeddings.TestDiskCacheMissEmbedOneEuJson.test_returns_numpy_array) ... INFO:embed.cached:embed_one_eu: saved: /tmp/tmpq2j81_e_/c6569ae39bd3ce1a82988cf5a0c219288e2df4918c9e9a09134f596f74509094.json
ok
test_shape_is_model_dimension (tests.test_cached_embeddings.TestDiskCacheMissEmbedOneEuJson.test_shape_is_model_dimension) ... INFO:embed.cached:embed_one_eu: saved: /tmp/tmp6cl351_a/c6569ae39bd3ce1a82988cf5a0c219288e2df4918c9e9a09134f596f74509094.json
ok
test_different_meanings_are_dissimilar (tests.test_cached_embeddings.TestDiskCacheMissEmbedOneEuSafetensors.test_different_meanings_are_dissimilar) ... INFO:embed.cached:embed_one_eu: saved: /tmp/tmpapbzy__e/c6569ae39bd3ce1a82988cf5a0c219288e2df4918c9e9a09134f596f74509094.json
INFO:embed.cached:embed_one_eu: saved: /tmp/tmpapbzy__e/84cccf9b16c60b6ae531f97eafc6aabd536fbeb5fd62f3108500642fd34562bf.json
ok
test_en_and_es_sentence_are_very_similar_0_catrun (tests.test_cached_embeddings.TestDiskCacheMissEmbedOneEuSafetensors.test_en_and_es_sentence_are_very_similar_0_catrun) ... INFO:embed.cached:embed_one_eu: saved: /tmp/tmpxvd2laqn/84cccf9b16c60b6ae531f97eafc6aabd536fbeb5fd62f3108500642fd34562bf.json
INFO:embed.cached:embed_one_eu: saved: /tmp/tmpxvd2laqn/94aac07b5ec049de3cd871a0958697b02683e371b46658395302ecceab419b36.json
ok
test_en_and_es_sentence_are_very_similar_1_dogwalk (tests.test_cached_embeddings.TestDiskCacheMissEmbedOneEuSafetensors.test_en_and_es_sentence_are_very_similar_1_dogwalk) ... INFO:embed.cached:embed_one_eu: saved: /tmp/tmpt20325h6/116c3040d924d3f415ba72b32a55bf3b05ba62bebbcbdca9ae2e5101d5a0fbdf.json
INFO:embed.cached:embed_one_eu: saved: /tmp/tmpt20325h6/c19b4807aa7da53ef4f0bb7c5e2c97145607b058a22a0b0dbe696402200f0812.json
ok
test_en_and_es_sentence_are_very_similar_2_lionsleep (tests.test_cached_embeddings.TestDiskCacheMissEmbedOneEuSafetensors.test_en_and_es_sentence_are_very_similar_2_lionsleep) ... INFO:embed.cached:embed_one_eu: saved: /tmp/tmp4gc7dtzw/7f688454101c9a4f6d0adf7b9c8470f7815da6689e64e9125e4f9400027853a9.json
INFO:embed.cached:embed_one_eu: saved: /tmp/tmp4gc7dtzw/ac9c4b85f0dead134e3de01ecc5bbbad4411198db04b56ed1658a48d27ab42bf.json
ok
test_returns_numpy_array (tests.test_cached_embeddings.TestDiskCacheMissEmbedOneEuSafetensors.test_returns_numpy_array) ... INFO:embed.cached:embed_one_eu: saved: /tmp/tmpnz6gj2uf/c6569ae39bd3ce1a82988cf5a0c219288e2df4918c9e9a09134f596f74509094.json
ok
test_shape_is_model_dimension (tests.test_cached_embeddings.TestDiskCacheMissEmbedOneEuSafetensors.test_shape_is_model_dimension) ... INFO:embed.cached:embed_one_eu: saved: /tmp/tmpsm_3tp75/c6569ae39bd3ce1a82988cf5a0c219288e2df4918c9e9a09134f596f74509094.json
ok
test_different_meanings_are_dissimilar (tests.test_cached_embeddings.TestDiskCacheMissEmbedOneJson.test_different_meanings_are_dissimilar) ... INFO:embed.cached:embed_one: saved: /tmp/tmpejzjlx1_/c6569ae39bd3ce1a82988cf5a0c219288e2df4918c9e9a09134f596f74509094.json
INFO:embed.cached:embed_one: saved: /tmp/tmpejzjlx1_/84cccf9b16c60b6ae531f97eafc6aabd536fbeb5fd62f3108500642fd34562bf.json
ok
test_en_and_es_sentence_are_very_similar_0_catrun (tests.test_cached_embeddings.TestDiskCacheMissEmbedOneJson.test_en_and_es_sentence_are_very_similar_0_catrun) ... INFO:embed.cached:embed_one: saved: /tmp/tmpf90_lraj/84cccf9b16c60b6ae531f97eafc6aabd536fbeb5fd62f3108500642fd34562bf.json
INFO:embed.cached:embed_one: saved: /tmp/tmpf90_lraj/94aac07b5ec049de3cd871a0958697b02683e371b46658395302ecceab419b36.json
ok
test_en_and_es_sentence_are_very_similar_1_dogwalk (tests.test_cached_embeddings.TestDiskCacheMissEmbedOneJson.test_en_and_es_sentence_are_very_similar_1_dogwalk) ... INFO:embed.cached:embed_one: saved: /tmp/tmp4n5brkx9/116c3040d924d3f415ba72b32a55bf3b05ba62bebbcbdca9ae2e5101d5a0fbdf.json
INFO:embed.cached:embed_one: saved: /tmp/tmp4n5brkx9/c19b4807aa7da53ef4f0bb7c5e2c97145607b058a22a0b0dbe696402200f0812.json
ok
test_en_and_es_sentence_are_very_similar_2_lionsleep (tests.test_cached_embeddings.TestDiskCacheMissEmbedOneJson.test_en_and_es_sentence_are_very_similar_2_lionsleep) ... INFO:embed.cached:embed_one: saved: /tmp/tmp2t6zb3ix/7f688454101c9a4f6d0adf7b9c8470f7815da6689e64e9125e4f9400027853a9.json
INFO:embed.cached:embed_one: saved: /tmp/tmp2t6zb3ix/ac9c4b85f0dead134e3de01ecc5bbbad4411198db04b56ed1658a48d27ab42bf.json
ok
test_returns_numpy_array (tests.test_cached_embeddings.TestDiskCacheMissEmbedOneJson.test_returns_numpy_array) ... INFO:embed.cached:embed_one: saved: /tmp/tmpz0y_l3a7/c6569ae39bd3ce1a82988cf5a0c219288e2df4918c9e9a09134f596f74509094.json
ok
test_shape_is_model_dimension (tests.test_cached_embeddings.TestDiskCacheMissEmbedOneJson.test_shape_is_model_dimension) ... INFO:embed.cached:embed_one: saved: /tmp/tmp7zhkwbvb/c6569ae39bd3ce1a82988cf5a0c219288e2df4918c9e9a09134f596f74509094.json
ok
test_different_meanings_are_dissimilar (tests.test_cached_embeddings.TestDiskCacheMissEmbedOneReqJson.test_different_meanings_are_dissimilar) ... INFO:embed.cached:embed_one_req: saved: /tmp/tmp5sxlef87/c6569ae39bd3ce1a82988cf5a0c219288e2df4918c9e9a09134f596f74509094.json
INFO:embed.cached:embed_one_req: saved: /tmp/tmp5sxlef87/84cccf9b16c60b6ae531f97eafc6aabd536fbeb5fd62f3108500642fd34562bf.json
ok
test_en_and_es_sentence_are_very_similar_0_catrun (tests.test_cached_embeddings.TestDiskCacheMissEmbedOneReqJson.test_en_and_es_sentence_are_very_similar_0_catrun) ... INFO:embed.cached:embed_one_req: saved: /tmp/tmpmlpk_vh4/84cccf9b16c60b6ae531f97eafc6aabd536fbeb5fd62f3108500642fd34562bf.json
INFO:embed.cached:embed_one_req: saved: /tmp/tmpmlpk_vh4/94aac07b5ec049de3cd871a0958697b02683e371b46658395302ecceab419b36.json
ok
test_en_and_es_sentence_are_very_similar_1_dogwalk (tests.test_cached_embeddings.TestDiskCacheMissEmbedOneReqJson.test_en_and_es_sentence_are_very_similar_1_dogwalk) ... INFO:embed.cached:embed_one_req: saved: /tmp/tmppmjgc2zk/116c3040d924d3f415ba72b32a55bf3b05ba62bebbcbdca9ae2e5101d5a0fbdf.json
INFO:embed.cached:embed_one_req: saved: /tmp/tmppmjgc2zk/c19b4807aa7da53ef4f0bb7c5e2c97145607b058a22a0b0dbe696402200f0812.json
ok
test_en_and_es_sentence_are_very_similar_2_lionsleep (tests.test_cached_embeddings.TestDiskCacheMissEmbedOneReqJson.test_en_and_es_sentence_are_very_similar_2_lionsleep) ... INFO:embed.cached:embed_one_req: saved: /tmp/tmpnm57doeq/7f688454101c9a4f6d0adf7b9c8470f7815da6689e64e9125e4f9400027853a9.json
INFO:embed.cached:embed_one_req: saved: /tmp/tmpnm57doeq/ac9c4b85f0dead134e3de01ecc5bbbad4411198db04b56ed1658a48d27ab42bf.json
ok
test_returns_numpy_array (tests.test_cached_embeddings.TestDiskCacheMissEmbedOneReqJson.test_returns_numpy_array) ... INFO:embed.cached:embed_one_req: saved: /tmp/tmpog3_g35e/c6569ae39bd3ce1a82988cf5a0c219288e2df4918c9e9a09134f596f74509094.json
ok
test_shape_is_model_dimension (tests.test_cached_embeddings.TestDiskCacheMissEmbedOneReqJson.test_shape_is_model_dimension) ... INFO:embed.cached:embed_one_req: saved: /tmp/tmp8ajmdzvg/c6569ae39bd3ce1a82988cf5a0c219288e2df4918c9e9a09134f596f74509094.json
ok
test_different_meanings_are_dissimilar (tests.test_cached_embeddings.TestDiskCacheMissEmbedOneReqSafetensors.test_different_meanings_are_dissimilar) ... INFO:embed.cached:embed_one_req: saved: /tmp/tmpawwymtv8/c6569ae39bd3ce1a82988cf5a0c219288e2df4918c9e9a09134f596f74509094.json
INFO:embed.cached:embed_one_req: saved: /tmp/tmpawwymtv8/84cccf9b16c60b6ae531f97eafc6aabd536fbeb5fd62f3108500642fd34562bf.json
ok
test_en_and_es_sentence_are_very_similar_0_catrun (tests.test_cached_embeddings.TestDiskCacheMissEmbedOneReqSafetensors.test_en_and_es_sentence_are_very_similar_0_catrun) ... INFO:embed.cached:embed_one_req: saved: /tmp/tmp84mo4o8e/84cccf9b16c60b6ae531f97eafc6aabd536fbeb5fd62f3108500642fd34562bf.json
INFO:embed.cached:embed_one_req: saved: /tmp/tmp84mo4o8e/94aac07b5ec049de3cd871a0958697b02683e371b46658395302ecceab419b36.json
ok
test_en_and_es_sentence_are_very_similar_1_dogwalk (tests.test_cached_embeddings.TestDiskCacheMissEmbedOneReqSafetensors.test_en_and_es_sentence_are_very_similar_1_dogwalk) ... INFO:embed.cached:embed_one_req: saved: /tmp/tmpmp00yh2x/116c3040d924d3f415ba72b32a55bf3b05ba62bebbcbdca9ae2e5101d5a0fbdf.json
INFO:embed.cached:embed_one_req: saved: /tmp/tmpmp00yh2x/c19b4807aa7da53ef4f0bb7c5e2c97145607b058a22a0b0dbe696402200f0812.json
ok
test_en_and_es_sentence_are_very_similar_2_lionsleep (tests.test_cached_embeddings.TestDiskCacheMissEmbedOneReqSafetensors.test_en_and_es_sentence_are_very_similar_2_lionsleep) ... INFO:embed.cached:embed_one_req: saved: /tmp/tmpt87k4v6o/7f688454101c9a4f6d0adf7b9c8470f7815da6689e64e9125e4f9400027853a9.json
INFO:embed.cached:embed_one_req: saved: /tmp/tmpt87k4v6o/ac9c4b85f0dead134e3de01ecc5bbbad4411198db04b56ed1658a48d27ab42bf.json
ok
test_returns_numpy_array (tests.test_cached_embeddings.TestDiskCacheMissEmbedOneReqSafetensors.test_returns_numpy_array) ... INFO:embed.cached:embed_one_req: saved: /tmp/tmp9527v0vs/c6569ae39bd3ce1a82988cf5a0c219288e2df4918c9e9a09134f596f74509094.json
ok
test_shape_is_model_dimension (tests.test_cached_embeddings.TestDiskCacheMissEmbedOneReqSafetensors.test_shape_is_model_dimension) ... INFO:embed.cached:embed_one_req: saved: /tmp/tmpxjp2b582/c6569ae39bd3ce1a82988cf5a0c219288e2df4918c9e9a09134f596f74509094.json
ok
test_different_meanings_are_dissimilar (tests.test_cached_embeddings.TestDiskCacheMissEmbedOneSafetensors.test_different_meanings_are_dissimilar) ... INFO:embed.cached:embed_one: saved: /tmp/tmpn1vr4jy6/c6569ae39bd3ce1a82988cf5a0c219288e2df4918c9e9a09134f596f74509094.json
INFO:embed.cached:embed_one: saved: /tmp/tmpn1vr4jy6/84cccf9b16c60b6ae531f97eafc6aabd536fbeb5fd62f3108500642fd34562bf.json
ok
test_en_and_es_sentence_are_very_similar_0_catrun (tests.test_cached_embeddings.TestDiskCacheMissEmbedOneSafetensors.test_en_and_es_sentence_are_very_similar_0_catrun) ... INFO:embed.cached:embed_one: saved: /tmp/tmpqistehw0/84cccf9b16c60b6ae531f97eafc6aabd536fbeb5fd62f3108500642fd34562bf.json
INFO:embed.cached:embed_one: saved: /tmp/tmpqistehw0/94aac07b5ec049de3cd871a0958697b02683e371b46658395302ecceab419b36.json
ok
test_en_and_es_sentence_are_very_similar_1_dogwalk (tests.test_cached_embeddings.TestDiskCacheMissEmbedOneSafetensors.test_en_and_es_sentence_are_very_similar_1_dogwalk) ... INFO:embed.cached:embed_one: saved: /tmp/tmpdrpi5hv6/116c3040d924d3f415ba72b32a55bf3b05ba62bebbcbdca9ae2e5101d5a0fbdf.json
INFO:embed.cached:embed_one: saved: /tmp/tmpdrpi5hv6/c19b4807aa7da53ef4f0bb7c5e2c97145607b058a22a0b0dbe696402200f0812.json
ok
test_en_and_es_sentence_are_very_similar_2_lionsleep (tests.test_cached_embeddings.TestDiskCacheMissEmbedOneSafetensors.test_en_and_es_sentence_are_very_similar_2_lionsleep) ... INFO:embed.cached:embed_one: saved: /tmp/tmp15494hij/7f688454101c9a4f6d0adf7b9c8470f7815da6689e64e9125e4f9400027853a9.json
INFO:embed.cached:embed_one: saved: /tmp/tmp15494hij/ac9c4b85f0dead134e3de01ecc5bbbad4411198db04b56ed1658a48d27ab42bf.json
ok
test_returns_numpy_array (tests.test_cached_embeddings.TestDiskCacheMissEmbedOneSafetensors.test_returns_numpy_array) ... INFO:embed.cached:embed_one: saved: /tmp/tmpshi5dz5b/c6569ae39bd3ce1a82988cf5a0c219288e2df4918c9e9a09134f596f74509094.json
ok
test_shape_is_model_dimension (tests.test_cached_embeddings.TestDiskCacheMissEmbedOneSafetensors.test_shape_is_model_dimension) ... INFO:embed.cached:embed_one: saved: /tmp/tmp6z3kaf0v/c6569ae39bd3ce1a82988cf5a0c219288e2df4918c9e9a09134f596f74509094.json
ok

----------------------------------------------------------------------
Ran 60 tests in 21.039s

OK
